@!@!@STARTMSG 2262:0 @!@!@
TLC2 Version 2.16 of 31 December 2020 (rev: cdddf55)
@!@!@ENDMSG 2262 @!@!@
@!@!@STARTMSG 2187:0 @!@!@
Running breadth-first search Model-Checking with fp 108 and seed -2081447832488140835 with 1 worker on 4 cores with 1742MB heap and 64MB offheap memory [pid: 14798] (Linux 5.4.0-72-generic amd64, Ubuntu 11.0.11 x86_64, MSBDiskFPSet, DiskStateQueue).
@!@!@ENDMSG 2187 @!@!@
@!@!@STARTMSG 2220:0 @!@!@
Starting SANY...
@!@!@ENDMSG 2220 @!@!@
Parsing file /home/yunjeonglee/Documents/Workshops/zilliqa-tla/spec/ZilliqaModel.tla
Parsing file /home/yunjeonglee/Documents/Workshops/zilliqa-tla/spec/ZilliqaProtocol.tla
Parsing file /tmp/TLC.tla
Parsing file /tmp/Integers.tla
Parsing file /tmp/FiniteSets.tla
Parsing file /tmp/Sequences.tla
Parsing file /tmp/Randomization.tla
Parsing file /tmp/Naturals.tla
Parsing file /home/yunjeonglee/Documents/Workshops/zilliqa-tla/spec/TCommit.tla
Semantic processing of module Naturals
Semantic processing of module Sequences
Semantic processing of module FiniteSets
Semantic processing of module TLC
Semantic processing of module Integers
Semantic processing of module Randomization
Semantic processing of module TCommit
Semantic processing of module ZilliqaProtocol
Semantic processing of module ZilliqaModel
@!@!@STARTMSG 2219:0 @!@!@
SANY finished.
@!@!@ENDMSG 2219 @!@!@
@!@!@STARTMSG 2185:0 @!@!@
Starting... (2021-05-20 14:43:43)
@!@!@ENDMSG 2185 @!@!@
@!@!@STARTMSG 2189:0 @!@!@
Computing initial states...
@!@!@ENDMSG 2189 @!@!@
@!@!@STARTMSG 2190:0 @!@!@
Finished computing initial states: 1 distinct state generated at 2021-05-20 14:43:44.
@!@!@ENDMSG 2190 @!@!@
@!@!@STARTMSG 2200:0 @!@!@
Progress(5) at 2021-05-20 14:43:47: 73,819 states generated (73,819 s/min), 427 distinct states found (427 ds/min), 296 states left on queue.
@!@!@ENDMSG 2200 @!@!@
@!@!@STARTMSG 2193:0 @!@!@
Model checking completed. No error has been found.
  Estimates of the probability that TLC did not check all reachable states
  because two distinct states had the same fingerprint:
  calculated (optimistic):  val = 6.3E-10
  based on the actual fingerprints:  val = 7.7E-13
@!@!@ENDMSG 2193 @!@!@
@!@!@STARTMSG 2201:0 @!@!@
The coverage statistics at 2021-05-20 14:44:23
@!@!@ENDMSG 2201 @!@!@
@!@!@STARTMSG 2773:0 @!@!@
<Init line 77, col 1 to line 77, col 4 of module ZilliqaProtocol>: 1:1
@!@!@ENDMSG 2773 @!@!@
@!@!@STARTMSG 2221:0 @!@!@
  line 78, col 5 to line 87, col 28 of module ZilliqaProtocol: 1
@!@!@ENDMSG 2221 @!@!@
@!@!@STARTMSG 2772:0 @!@!@
<NewNodeJoins line 133, col 1 to line 133, col 21 of module ZilliqaProtocol>: 4095:73728
@!@!@ENDMSG 2772 @!@!@
@!@!@STARTMSG 2221:0 @!@!@
  line 138, col 8 to line 138, col 44 of module ZilliqaProtocol: 73728
@!@!@ENDMSG 2221 @!@!@
@!@!@STARTMSG 2221:0 @!@!@
  |line 96, col 30 to line 96, col 52 of module ZilliqaProtocol: 73728
@!@!@ENDMSG 2221 @!@!@
@!@!@STARTMSG 2221:0 @!@!@
  ||line 96, col 45 to line 96, col 52 of module ZilliqaProtocol: 673488
@!@!@ENDMSG 2221 @!@!@
@!@!@STARTMSG 2221:0 @!@!@
  ||line 96, col 39 to line 96, col 41 of module ZilliqaProtocol: 73728
@!@!@ENDMSG 2221 @!@!@
@!@!@STARTMSG 2221:0 @!@!@
  |line 138, col 23 to line 138, col 34 of module ZilliqaProtocol: 73728
@!@!@ENDMSG 2221 @!@!@
@!@!@STARTMSG 2221:0 @!@!@
  |line 138, col 37 to line 138, col 43 of module ZilliqaProtocol: 73728
@!@!@ENDMSG 2221 @!@!@
@!@!@STARTMSG 2221:0 @!@!@
  line 140, col 12 to line 140, col 28 of module ZilliqaProtocol: 62208
@!@!@ENDMSG 2221 @!@!@
@!@!@STARTMSG 2221:0 @!@!@
  line 141, col 12 to line 141, col 28 of module ZilliqaProtocol: 62208
@!@!@ENDMSG 2221 @!@!@
@!@!@STARTMSG 2221:0 @!@!@
  line 143, col 12 to line 143, col 41 of module ZilliqaProtocol: 11520
@!@!@ENDMSG 2221 @!@!@
@!@!@STARTMSG 2221:0 @!@!@
  line 144, col 12 to line 144, col 54 of module ZilliqaProtocol: 11520
@!@!@ENDMSG 2221 @!@!@
@!@!@STARTMSG 2221:0 @!@!@
  line 149, col 13 to line 150, col 94 of module ZilliqaProtocol: 11520
@!@!@ENDMSG 2221 @!@!@
@!@!@STARTMSG 2221:0 @!@!@
  |line 150, col 15 to line 150, col 94 of module ZilliqaProtocol: 11520
@!@!@ENDMSG 2221 @!@!@
@!@!@STARTMSG 2221:0 @!@!@
  ||line 150, col 16 to line 150, col 29 of module ZilliqaProtocol: 11520
@!@!@ENDMSG 2221 @!@!@
@!@!@STARTMSG 2221:0 @!@!@
  ||line 150, col 41 to line 150, col 48 of module ZilliqaProtocol: 11520
@!@!@ENDMSG 2221 @!@!@
@!@!@STARTMSG 2221:0 @!@!@
  |||line 146, col 27 to line 146, col 46 of module ZilliqaProtocol: 11520
@!@!@ENDMSG 2221 @!@!@
@!@!@STARTMSG 2221:0 @!@!@
  ||||line 117, col 22 to line 117, col 28 of module ZilliqaProtocol: 42699
@!@!@ENDMSG 2221 @!@!@
@!@!@STARTMSG 2221:0 @!@!@
  ||||line 118, col 20 to line 118, col 49 of module ZilliqaProtocol: 11520
@!@!@ENDMSG 2221 @!@!@
@!@!@STARTMSG 2221:0 @!@!@
  ||||line 116, col 16 to line 116, col 63 of module ZilliqaProtocol: 42699
@!@!@ENDMSG 2221 @!@!@
@!@!@STARTMSG 2221:0 @!@!@
  ||||line 119, col 23 to line 119, col 46 of module ZilliqaProtocol: 11520
@!@!@ENDMSG 2221 @!@!@
@!@!@STARTMSG 2221:0 @!@!@
  ||||line 121, col 8 to line 123, col 29 of module ZilliqaProtocol: 42699
@!@!@ENDMSG 2221 @!@!@
@!@!@STARTMSG 2221:0 @!@!@
  |||||line 121, col 11 to line 121, col 69 of module ZilliqaProtocol: 42699
@!@!@ENDMSG 2221 @!@!@
@!@!@STARTMSG 2221:0 @!@!@
  ||||||line 121, col 12 to line 121, col 31 of module ZilliqaProtocol: 42699
@!@!@ENDMSG 2221 @!@!@
@!@!@STARTMSG 2221:0 @!@!@
  ||||||line 121, col 38 to line 121, col 68 of module ZilliqaProtocol: 11520
@!@!@ENDMSG 2221 @!@!@
@!@!@STARTMSG 2221:0 @!@!@
  |||||line 122, col 13 to line 122, col 20 of module ZilliqaProtocol: 11520
@!@!@ENDMSG 2221 @!@!@
@!@!@STARTMSG 2221:0 @!@!@
  |||||line 123, col 13 to line 123, col 29 of module ZilliqaProtocol: 31179
@!@!@ENDMSG 2221 @!@!@
@!@!@STARTMSG 2221:0 @!@!@
  ||||line 146, col 39 to line 146, col 45 of module ZilliqaProtocol: 11520
@!@!@ENDMSG 2221 @!@!@
@!@!@STARTMSG 2221:0 @!@!@
  ||line 150, col 53 to line 150, col 93 of module ZilliqaProtocol: 11520
@!@!@ENDMSG 2221 @!@!@
@!@!@STARTMSG 2221:0 @!@!@
  |||line 150, col 60 to line 150, col 83 of module ZilliqaProtocol: 11520
@!@!@ENDMSG 2221 @!@!@
@!@!@STARTMSG 2221:0 @!@!@
  ||||line 150, col 60 to line 150, col 73 of module ZilliqaProtocol: 11520
@!@!@ENDMSG 2221 @!@!@
@!@!@STARTMSG 2221:0 @!@!@
  ||||line 150, col 75 to line 150, col 82 of module ZilliqaProtocol: 11520
@!@!@ENDMSG 2221 @!@!@
@!@!@STARTMSG 2221:0 @!@!@
  |||||line 146, col 27 to line 146, col 46 of module ZilliqaProtocol: 11520
@!@!@ENDMSG 2221 @!@!@
@!@!@STARTMSG 2221:0 @!@!@
  ||||||line 117, col 22 to line 117, col 28 of module ZilliqaProtocol: 42691
@!@!@ENDMSG 2221 @!@!@
@!@!@STARTMSG 2221:0 @!@!@
  ||||||line 118, col 20 to line 118, col 49 of module ZilliqaProtocol: 11520
@!@!@ENDMSG 2221 @!@!@
@!@!@STARTMSG 2221:0 @!@!@
  ||||||line 116, col 16 to line 116, col 63 of module ZilliqaProtocol: 42691
@!@!@ENDMSG 2221 @!@!@
@!@!@STARTMSG 2221:0 @!@!@
  ||||||line 119, col 23 to line 119, col 46 of module ZilliqaProtocol: 11520
@!@!@ENDMSG 2221 @!@!@
@!@!@STARTMSG 2221:0 @!@!@
  ||||||line 121, col 8 to line 123, col 29 of module ZilliqaProtocol: 42691
@!@!@ENDMSG 2221 @!@!@
@!@!@STARTMSG 2221:0 @!@!@
  |||||||line 121, col 11 to line 121, col 69 of module ZilliqaProtocol: 42691
@!@!@ENDMSG 2221 @!@!@
@!@!@STARTMSG 2221:0 @!@!@
  ||||||||line 121, col 12 to line 121, col 31 of module ZilliqaProtocol: 42691
@!@!@ENDMSG 2221 @!@!@
@!@!@STARTMSG 2221:0 @!@!@
  ||||||||line 121, col 38 to line 121, col 68 of module ZilliqaProtocol: 11520
@!@!@ENDMSG 2221 @!@!@
@!@!@STARTMSG 2221:0 @!@!@
  |||||||line 122, col 13 to line 122, col 20 of module ZilliqaProtocol: 11520
@!@!@ENDMSG 2221 @!@!@
@!@!@STARTMSG 2221:0 @!@!@
  |||||||line 123, col 13 to line 123, col 29 of module ZilliqaProtocol: 31171
@!@!@ENDMSG 2221 @!@!@
@!@!@STARTMSG 2221:0 @!@!@
  ||||||line 146, col 39 to line 146, col 45 of module ZilliqaProtocol: 11520
@!@!@ENDMSG 2221 @!@!@
@!@!@STARTMSG 2221:0 @!@!@
  |||line 150, col 86 to line 150, col 92 of module ZilliqaProtocol: 11520
@!@!@ENDMSG 2221 @!@!@
@!@!@STARTMSG 2221:0 @!@!@
  line 151, col 16 to line 151, col 101 of module ZilliqaProtocol: 11520
@!@!@ENDMSG 2221 @!@!@
@!@!@STARTMSG 2221:0 @!@!@
  line 152, col 16 to line 152, col 32 of module ZilliqaProtocol: 11520
@!@!@ENDMSG 2221 @!@!@
@!@!@STARTMSG 2772:0 @!@!@
<CommitToHistoryPerMBs line 274, col 1 to line 274, col 28 of module ZilliqaProtocol>: 0:4096
@!@!@ENDMSG 2772 @!@!@
@!@!@STARTMSG 2221:0 @!@!@
  line 276, col 7 to line 276, col 30 of module ZilliqaProtocol: 4096
@!@!@ENDMSG 2221 @!@!@
@!@!@STARTMSG 2221:0 @!@!@
  |line 242, col 23 to line 242, col 43 of module ZilliqaProtocol: 4096
@!@!@ENDMSG 2221 @!@!@
@!@!@STARTMSG 2221:0 @!@!@
  ||line 235, col 5 to line 238, col 12 of module ZilliqaProtocol: 12288
@!@!@ENDMSG 2221 @!@!@
@!@!@STARTMSG 2221:0 @!@!@
  |||line 235, col 8 to line 235, col 29 of module ZilliqaProtocol: 12288
@!@!@ENDMSG 2221 @!@!@
@!@!@STARTMSG 2221:0 @!@!@
  ||||line 235, col 8 to line 235, col 11 of module ZilliqaProtocol: 12288
@!@!@ENDMSG 2221 @!@!@
@!@!@STARTMSG 2221:0 @!@!@
  ||||line 235, col 18 to line 235, col 29 of module ZilliqaProtocol: 12288
@!@!@ENDMSG 2221 @!@!@
@!@!@STARTMSG 2221:0 @!@!@
  |||||line 230, col 11 to line 231, col 30 of module ZilliqaProtocol: 12288
@!@!@ENDMSG 2221 @!@!@
@!@!@STARTMSG 2221:0 @!@!@
  ||||||line 231, col 13 to line 231, col 30 of module ZilliqaProtocol: 36864
@!@!@ENDMSG 2221 @!@!@
@!@!@STARTMSG 2221:0 @!@!@
  |||||||line 231, col 25 to line 231, col 30 of module ZilliqaProtocol: 98304
@!@!@ENDMSG 2221 @!@!@
@!@!@STARTMSG 2221:0 @!@!@
  |||||||line 231, col 22 to line 231, col 22 of module ZilliqaProtocol: 36864
@!@!@ENDMSG 2221 @!@!@
@!@!@STARTMSG 2221:0 @!@!@
  ||||||line 230, col 24 to line 230, col 24 of module ZilliqaProtocol: 12288
@!@!@ENDMSG 2221 @!@!@
@!@!@STARTMSG 2221:0 @!@!@
  |||||line 235, col 22 to line 235, col 28 of module ZilliqaProtocol: 12288
@!@!@ENDMSG 2221 @!@!@
@!@!@STARTMSG 2221:0 @!@!@
  |||line 236, col 25 to line 236, col 67 of module ZilliqaProtocol: 8192
@!@!@ENDMSG 2221 @!@!@
@!@!@STARTMSG 2221:0 @!@!@
  |||line 237, col 13 to line 237, col 47 of module ZilliqaProtocol: 8192
@!@!@ENDMSG 2221 @!@!@
@!@!@STARTMSG 2221:0 @!@!@
  |||line 238, col 10 to line 238, col 12 of module ZilliqaProtocol: 4096
@!@!@ENDMSG 2221 @!@!@
@!@!@STARTMSG 2221:0 @!@!@
  ||line 242, col 38 to line 242, col 39 of module ZilliqaProtocol: 4096
@!@!@ENDMSG 2221 @!@!@
@!@!@STARTMSG 2221:0 @!@!@
  |line 243, col 8 to line 243, col 29 of module ZilliqaProtocol: 4096
@!@!@ENDMSG 2221 @!@!@
@!@!@STARTMSG 2221:0 @!@!@
  ||line 243, col 8 to line 243, col 22 of module ZilliqaProtocol: 4096
@!@!@ENDMSG 2221 @!@!@
@!@!@STARTMSG 2221:0 @!@!@
  |||line 228, col 37 to line 228, col 56 of module ZilliqaProtocol: 4096
@!@!@ENDMSG 2221 @!@!@
@!@!@STARTMSG 2221:0 @!@!@
  ||||line 221, col 5 to line 226, col 61 of module ZilliqaProtocol: 8192
@!@!@ENDMSG 2221 @!@!@
@!@!@STARTMSG 2221:0 @!@!@
  |||||line 221, col 8 to line 221, col 13 of module ZilliqaProtocol: 8192
@!@!@ENDMSG 2221 @!@!@
@!@!@STARTMSG 2221:0 @!@!@
  |||||line 221, col 20 to line 221, col 24 of module ZilliqaProtocol: 4096
@!@!@ENDMSG 2221 @!@!@
@!@!@STARTMSG 2221:0 @!@!@
  |||||line 223, col 18 to line 223, col 24 of module ZilliqaProtocol: 4096
@!@!@ENDMSG 2221 @!@!@
@!@!@STARTMSG 2221:0 @!@!@
  |||||line 224, col 13 to line 226, col 61 of module ZilliqaProtocol: 4096
@!@!@ENDMSG 2221 @!@!@
@!@!@STARTMSG 2221:0 @!@!@
  ||||||line 224, col 16 to line 224, col 42 of module ZilliqaProtocol: 4096
@!@!@ENDMSG 2221 @!@!@
@!@!@STARTMSG 2221:0 @!@!@
  |||||||line 224, col 16 to line 224, col 27 of module ZilliqaProtocol: 4096
@!@!@ENDMSG 2221 @!@!@
@!@!@STARTMSG 2221:0 @!@!@
  ||||||||line 224, col 19 to line 224, col 19 of module ZilliqaProtocol: 4096
@!@!@ENDMSG 2221 @!@!@
@!@!@STARTMSG 2221:0 @!@!@
  ||||||||line 224, col 22 to line 224, col 26 of module ZilliqaProtocol: 4096
@!@!@ENDMSG 2221 @!@!@
@!@!@STARTMSG 2221:0 @!@!@
  ||||||||line 228, col 28 to line 228, col 32 of module ZilliqaProtocol: 12288
@!@!@ENDMSG 2221 @!@!@
@!@!@STARTMSG 2221:0 @!@!@
  |||||||line 224, col 31 to line 224, col 42 of module ZilliqaProtocol: 4096
@!@!@ENDMSG 2221 @!@!@
@!@!@STARTMSG 2221:0 @!@!@
  ||||||||line 224, col 34 to line 224, col 38 of module ZilliqaProtocol: 4096
@!@!@ENDMSG 2221 @!@!@
@!@!@STARTMSG 2221:0 @!@!@
  ||||||||line 224, col 41 to line 224, col 41 of module ZilliqaProtocol: 4096
@!@!@ENDMSG 2221 @!@!@
@!@!@STARTMSG 2221:0 @!@!@
  ||||||||line 228, col 28 to line 228, col 32 of module ZilliqaProtocol: 12288
@!@!@ENDMSG 2221 @!@!@
@!@!@STARTMSG 2221:0 @!@!@
  ||||||line 225, col 18 to line 225, col 53 of module ZilliqaProtocol: 4096
@!@!@ENDMSG 2221 @!@!@
@!@!@STARTMSG 2221:0 @!@!@
  |||||||line 225, col 32 to line 225, col 38 of module ZilliqaProtocol: 4096
@!@!@ENDMSG 2221 @!@!@
@!@!@STARTMSG 2221:0 @!@!@
  |||||||line 225, col 41 to line 225, col 52 of module ZilliqaProtocol: 4096
@!@!@ENDMSG 2221 @!@!@
@!@!@STARTMSG 2221:0 @!@!@
  ||||||||line 225, col 44 to line 225, col 44 of module ZilliqaProtocol: 4096
@!@!@ENDMSG 2221 @!@!@
@!@!@STARTMSG 2221:0 @!@!@
  ||||||||line 225, col 47 to line 225, col 51 of module ZilliqaProtocol: 4096
@!@!@ENDMSG 2221 @!@!@
@!@!@STARTMSG 2221:0 @!@!@
  ||||||||line 228, col 28 to line 228, col 32 of module ZilliqaProtocol: 12288
@!@!@ENDMSG 2221 @!@!@
@!@!@STARTMSG 2221:0 @!@!@
  ||||line 228, col 28 to line 228, col 32 of module ZilliqaProtocol: 12288
@!@!@ENDMSG 2221 @!@!@
@!@!@STARTMSG 2221:0 @!@!@
  ||||line 228, col 52 to line 228, col 52 of module ZilliqaProtocol: 4096
@!@!@ENDMSG 2221 @!@!@
@!@!@STARTMSG 2221:0 @!@!@
  |||line 243, col 12 to line 243, col 21 of module ZilliqaProtocol: 4096
@!@!@ENDMSG 2221 @!@!@
@!@!@STARTMSG 2221:0 @!@!@
  ||line 243, col 29 to line 243, col 29 of module ZilliqaProtocol: 4096
@!@!@ENDMSG 2221 @!@!@
@!@!@STARTMSG 2221:0 @!@!@
  |line 276, col 25 to line 276, col 29 of module ZilliqaProtocol: 4096
@!@!@ENDMSG 2221 @!@!@
@!@!@STARTMSG 2221:0 @!@!@
  line 281, col 12 to line 281, col 60 of module ZilliqaProtocol: 0
@!@!@ENDMSG 2221 @!@!@
@!@!@STARTMSG 2221:0 @!@!@
  line 283, col 17 to line 283, col 75 of module ZilliqaProtocol: 0
@!@!@ENDMSG 2221 @!@!@
@!@!@STARTMSG 2221:0 @!@!@
  line 284, col 12 to line 284, col 71 of module ZilliqaProtocol: 0
@!@!@ENDMSG 2221 @!@!@
@!@!@STARTMSG 2221:0 @!@!@
  line 285, col 12 to line 285, col 28 of module ZilliqaProtocol: 0
@!@!@ENDMSG 2221 @!@!@
@!@!@STARTMSG 2221:0 @!@!@
  line 287, col 10 to line 287, col 26 of module ZilliqaProtocol: 4096
@!@!@ENDMSG 2221 @!@!@
@!@!@STARTMSG 2221:0 @!@!@
  line 288, col 10 to line 288, col 26 of module ZilliqaProtocol: 4096
@!@!@ENDMSG 2221 @!@!@
@!@!@STARTMSG 2772:0 @!@!@
<TimeOut line 301, col 1 to line 301, col 7 of module ZilliqaProtocol>: 0:2755
@!@!@ENDMSG 2772 @!@!@
@!@!@STARTMSG 2221:0 @!@!@
  line 307, col 8 to line 307, col 26 of module ZilliqaProtocol: 4096
@!@!@ENDMSG 2221 @!@!@
@!@!@STARTMSG 2221:0 @!@!@
  |line 294, col 5 to line 295, col 28 of module ZilliqaProtocol: 4096
@!@!@ENDMSG 2221 @!@!@
@!@!@STARTMSG 2221:0 @!@!@
  ||line 294, col 8 to line 294, col 22 of module ZilliqaProtocol: 4096
@!@!@ENDMSG 2221 @!@!@
@!@!@STARTMSG 2221:0 @!@!@
  ||line 295, col 8 to line 295, col 28 of module ZilliqaProtocol: 4095
@!@!@ENDMSG 2221 @!@!@
@!@!@STARTMSG 2221:0 @!@!@
  line 308, col 13 to line 308, col 30 of module ZilliqaProtocol: 0
@!@!@ENDMSG 2221 @!@!@
@!@!@STARTMSG 2221:0 @!@!@
  |line 308, col 22 to line 308, col 30 of module ZilliqaProtocol: 1341
@!@!@ENDMSG 2221 @!@!@
@!@!@STARTMSG 2221:0 @!@!@
  line 310, col 33 to line 312, col 75 of module ZilliqaProtocol: 0
@!@!@ENDMSG 2221 @!@!@
@!@!@STARTMSG 2221:0 @!@!@
  |line 310, col 48 to line 312, col 75 of module ZilliqaProtocol: 2682
@!@!@ENDMSG 2221 @!@!@
@!@!@STARTMSG 2221:0 @!@!@
  line 310, col 23 to line 310, col 29 of module ZilliqaProtocol: 1341
@!@!@ENDMSG 2221 @!@!@
@!@!@STARTMSG 2221:0 @!@!@
  line 313, col 13 to line 313, col 108 of module ZilliqaProtocol: 0
@!@!@ENDMSG 2221 @!@!@
@!@!@STARTMSG 2221:0 @!@!@
  line 314, col 13 to line 314, col 29 of module ZilliqaProtocol: 0
@!@!@ENDMSG 2221 @!@!@
@!@!@STARTMSG 2221:0 @!@!@
  line 316, col 10 to line 316, col 26 of module ZilliqaProtocol: 2755
@!@!@ENDMSG 2221 @!@!@
@!@!@STARTMSG 2221:0 @!@!@
  line 317, col 10 to line 317, col 26 of module ZilliqaProtocol: 2755
@!@!@ENDMSG 2221 @!@!@
@!@!@STARTMSG 2772:0 @!@!@
<UpdateDSCommittee line 343, col 1 to line 343, col 28 of module ZilliqaProtocol>: 0:4096
@!@!@ENDMSG 2772 @!@!@
@!@!@STARTMSG 2221:0 @!@!@
  line 344, col 8 to line 344, col 24 of module ZilliqaProtocol: 4096
@!@!@ENDMSG 2221 @!@!@
@!@!@STARTMSG 2221:0 @!@!@
  line 352, col 14 to line 353, col 107 of module ZilliqaProtocol: 0
@!@!@ENDMSG 2221 @!@!@
@!@!@STARTMSG 2221:0 @!@!@
  line 354, col 14 to line 354, col 43 of module ZilliqaProtocol: 0
@!@!@ENDMSG 2221 @!@!@
@!@!@STARTMSG 2221:0 @!@!@
  line 355, col 14 to line 355, col 113 of module ZilliqaProtocol: 0
@!@!@ENDMSG 2221 @!@!@
@!@!@STARTMSG 2221:0 @!@!@
  line 357, col 14 to line 357, col 30 of module ZilliqaProtocol: 0
@!@!@ENDMSG 2221 @!@!@
@!@!@STARTMSG 2221:0 @!@!@
  line 359, col 12 to line 359, col 28 of module ZilliqaProtocol: 4096
@!@!@ENDMSG 2221 @!@!@
@!@!@STARTMSG 2221:0 @!@!@
  line 360, col 12 to line 360, col 28 of module ZilliqaProtocol: 4096
@!@!@ENDMSG 2221 @!@!@
@!@!@STARTMSG 2772:0 @!@!@
<Next line 366, col 1 to line 366, col 4 of module ZilliqaProtocol (376 8 376 69)>: 0:2767104
@!@!@ENDMSG 2772 @!@!@
@!@!@STARTMSG 2221:0 @!@!@
  line 192, col 7 to line 193, col 46 of module ZilliqaProtocol: 589824
@!@!@ENDMSG 2221 @!@!@
@!@!@STARTMSG 2221:0 @!@!@
  |line 192, col 10 to line 192, col 45 of module ZilliqaProtocol: 589824
@!@!@ENDMSG 2221 @!@!@
@!@!@STARTMSG 2221:0 @!@!@
  ||line 96, col 30 to line 96, col 52 of module ZilliqaProtocol: 589824
@!@!@ENDMSG 2221 @!@!@
@!@!@STARTMSG 2221:0 @!@!@
  |||line 96, col 45 to line 96, col 52 of module ZilliqaProtocol: 5387904
@!@!@ENDMSG 2221 @!@!@
@!@!@STARTMSG 2221:0 @!@!@
  |||line 96, col 39 to line 96, col 41 of module ZilliqaProtocol: 589824
@!@!@ENDMSG 2221 @!@!@
@!@!@STARTMSG 2221:0 @!@!@
  ||line 192, col 25 to line 192, col 36 of module ZilliqaProtocol: 589824
@!@!@ENDMSG 2221 @!@!@
@!@!@STARTMSG 2221:0 @!@!@
  ||line 192, col 39 to line 192, col 44 of module ZilliqaProtocol: 589824
@!@!@ENDMSG 2221 @!@!@
@!@!@STARTMSG 2221:0 @!@!@
  |line 193, col 10 to line 193, col 46 of module ZilliqaProtocol: 497664
@!@!@ENDMSG 2221 @!@!@
@!@!@STARTMSG 2221:0 @!@!@
  ||line 96, col 30 to line 96, col 52 of module ZilliqaProtocol: 497664
@!@!@ENDMSG 2221 @!@!@
@!@!@STARTMSG 2221:0 @!@!@
  |||line 96, col 45 to line 96, col 52 of module ZilliqaProtocol: 2239488
@!@!@ENDMSG 2221 @!@!@
@!@!@STARTMSG 2221:0 @!@!@
  |||line 96, col 39 to line 96, col 41 of module ZilliqaProtocol: 497664
@!@!@ENDMSG 2221 @!@!@
@!@!@STARTMSG 2221:0 @!@!@
  ||line 193, col 25 to line 193, col 41 of module ZilliqaProtocol: 497664
@!@!@ENDMSG 2221 @!@!@
@!@!@STARTMSG 2221:0 @!@!@
  ||line 193, col 44 to line 193, col 45 of module ZilliqaProtocol: 497664
@!@!@ENDMSG 2221 @!@!@
@!@!@STARTMSG 2221:0 @!@!@
  line 195, col 12 to line 195, col 39 of module ZilliqaProtocol: 497664
@!@!@ENDMSG 2221 @!@!@
@!@!@STARTMSG 2221:0 @!@!@
  line 196, col 12 to line 196, col 41 of module ZilliqaProtocol: 497664
@!@!@ENDMSG 2221 @!@!@
@!@!@STARTMSG 2221:0 @!@!@
  line 157, col 45 to line 157, col 78 of module ZilliqaProtocol: 2985984
@!@!@ENDMSG 2221 @!@!@
@!@!@STARTMSG 2221:0 @!@!@
  |line 157, col 45 to line 157, col 70 of module ZilliqaProtocol: 1492992
@!@!@ENDMSG 2221 @!@!@
@!@!@STARTMSG 2221:0 @!@!@
  |line 157, col 74 to line 157, col 78 of module ZilliqaProtocol: 1492992
@!@!@ENDMSG 2221 @!@!@
@!@!@STARTMSG 2221:0 @!@!@
  line 157, col 35 to line 157, col 41 of module ZilliqaProtocol: 497664
@!@!@ENDMSG 2221 @!@!@
@!@!@STARTMSG 2221:0 @!@!@
  line 96, col 45 to line 96, col 52 of module ZilliqaProtocol: 4478976
@!@!@ENDMSG 2221 @!@!@
@!@!@STARTMSG 2221:0 @!@!@
  |line 96, col 45 to line 96, col 45 of module ZilliqaProtocol: 3981312
@!@!@ENDMSG 2221 @!@!@
@!@!@STARTMSG 2221:0 @!@!@
  |line 96, col 49 to line 96, col 52 of module ZilliqaProtocol: 3981312
@!@!@ENDMSG 2221 @!@!@
@!@!@STARTMSG 2221:0 @!@!@
  line 96, col 39 to line 96, col 41 of module ZilliqaProtocol: 497664
@!@!@ENDMSG 2221 @!@!@
@!@!@STARTMSG 2221:0 @!@!@
  line 198, col 27 to line 198, col 43 of module ZilliqaProtocol: 497664
@!@!@ENDMSG 2221 @!@!@
@!@!@STARTMSG 2221:0 @!@!@
  line 198, col 46 to line 198, col 47 of module ZilliqaProtocol: 497664
@!@!@ENDMSG 2221 @!@!@
@!@!@STARTMSG 2221:0 @!@!@
  line 165, col 10 to line 165, col 21 of module ZilliqaProtocol: 497664
@!@!@ENDMSG 2221 @!@!@
@!@!@STARTMSG 2221:0 @!@!@
  line 63, col 35 to line 63, col 42 of module ZilliqaProtocol: 1741825
@!@!@ENDMSG 2221 @!@!@
@!@!@STARTMSG 2221:0 @!@!@
  line 63, col 56 to line 63, col 63 of module ZilliqaProtocol: 10450944
@!@!@ENDMSG 2221 @!@!@
@!@!@STARTMSG 2221:0 @!@!@
  line 41, col 18 to line 41, col 39 of module TCommit: 2612736
@!@!@ENDMSG 2221 @!@!@
@!@!@STARTMSG 2221:0 @!@!@
  |line 41, col 18 to line 41, col 27 of module TCommit: 1306368
@!@!@ENDMSG 2221 @!@!@
@!@!@STARTMSG 2221:0 @!@!@
  line 42, col 18 to line 42, col 62 of module TCommit: 1306368
@!@!@ENDMSG 2221 @!@!@
@!@!@STARTMSG 2221:0 @!@!@
  line 52, col 33 to line 52, col 33 of module TCommit: 1306368
@!@!@ENDMSG 2221 @!@!@
@!@!@STARTMSG 2221:0 @!@!@
  line 44, col 18 to line 46, col 66 of module TCommit: 1306368
@!@!@ENDMSG 2221 @!@!@
@!@!@STARTMSG 2221:0 @!@!@
  line 47, col 21 to line 47, col 58 of module TCommit: 2612736
@!@!@ENDMSG 2221 @!@!@
@!@!@STARTMSG 2221:0 @!@!@
  |line 47, col 21 to line 47, col 30 of module TCommit: 1306368
@!@!@ENDMSG 2221 @!@!@
@!@!@STARTMSG 2221:0 @!@!@
  |line 47, col 36 to line 47, col 58 of module TCommit: 1306368
@!@!@ENDMSG 2221 @!@!@
@!@!@STARTMSG 2221:0 @!@!@
  line 31, col 31 to line 31, col 54 of module TCommit: 7838208
@!@!@ENDMSG 2221 @!@!@
@!@!@STARTMSG 2221:0 @!@!@
  |line 31, col 31 to line 31, col 40 of module TCommit: 3919104
@!@!@ENDMSG 2221 @!@!@
@!@!@STARTMSG 2221:0 @!@!@
  line 31, col 26 to line 31, col 27 of module TCommit: 1306368
@!@!@ENDMSG 2221 @!@!@
@!@!@STARTMSG 2221:0 @!@!@
  line 49, col 21 to line 49, col 64 of module TCommit: 1306368
@!@!@ENDMSG 2221 @!@!@
@!@!@STARTMSG 2221:0 @!@!@
  line 52, col 46 to line 52, col 46 of module TCommit: 1306368
@!@!@ENDMSG 2221 @!@!@
@!@!@STARTMSG 2221:0 @!@!@
  line 52, col 20 to line 52, col 21 of module TCommit: 435456
@!@!@ENDMSG 2221 @!@!@
@!@!@STARTMSG 2221:0 @!@!@
  line 172, col 16 to line 173, col 82 of module ZilliqaProtocol: 2612736
@!@!@ENDMSG 2221 @!@!@
@!@!@STARTMSG 2221:0 @!@!@
  line 174, col 16 to line 174, col 53 of module ZilliqaProtocol: 2612736
@!@!@ENDMSG 2221 @!@!@
@!@!@STARTMSG 2221:0 @!@!@
  line 175, col 16 to line 175, col 38 of module ZilliqaProtocol: 2612736
@!@!@ENDMSG 2221 @!@!@
@!@!@STARTMSG 2221:0 @!@!@
  line 177, col 12 to line 177, col 43 of module ZilliqaProtocol: 62208
@!@!@ENDMSG 2221 @!@!@
@!@!@STARTMSG 2221:0 @!@!@
  line 178, col 12 to line 178, col 50 of module ZilliqaProtocol: 62208
@!@!@ENDMSG 2221 @!@!@
@!@!@STARTMSG 2221:0 @!@!@
  line 179, col 12 to line 179, col 28 of module ZilliqaProtocol: 62208
@!@!@ENDMSG 2221 @!@!@
@!@!@STARTMSG 2221:0 @!@!@
  line 202, col 31 to line 202, col 40 of module ZilliqaProtocol: 435456
@!@!@ENDMSG 2221 @!@!@
@!@!@STARTMSG 2221:0 @!@!@
  |line 201, col 31 to line 201, col 55 of module ZilliqaProtocol: 435456
@!@!@ENDMSG 2221 @!@!@
@!@!@STARTMSG 2221:0 @!@!@
  ||line 103, col 5 to line 103, col 67 of module ZilliqaProtocol: 435456
@!@!@ENDMSG 2221 @!@!@
@!@!@STARTMSG 2221:0 @!@!@
  |||line 103, col 30 to line 103, col 67 of module ZilliqaProtocol: 870912
@!@!@ENDMSG 2221 @!@!@
@!@!@STARTMSG 2221:0 @!@!@
  ||||line 99, col 22 to line 99, col 50 of module ZilliqaProtocol: 870912
@!@!@ENDMSG 2221 @!@!@
@!@!@STARTMSG 2221:0 @!@!@
  |||||line 99, col 43 to line 99, col 50 of module ZilliqaProtocol: 3559248
@!@!@ENDMSG 2221 @!@!@
@!@!@STARTMSG 2221:0 @!@!@
  |||||line 99, col 31 to line 99, col 39 of module ZilliqaProtocol: 870912
@!@!@ENDMSG 2221 @!@!@
@!@!@STARTMSG 2221:0 @!@!@
  ||||line 103, col 42 to line 103, col 60 of module ZilliqaProtocol: 870912
@!@!@ENDMSG 2221 @!@!@
@!@!@STARTMSG 2221:0 @!@!@
  ||||line 103, col 63 to line 103, col 66 of module ZilliqaProtocol: 870912
@!@!@ENDMSG 2221 @!@!@
@!@!@STARTMSG 2221:0 @!@!@
  |||line 103, col 20 to line 103, col 26 of module ZilliqaProtocol: 435456
@!@!@ENDMSG 2221 @!@!@
@!@!@STARTMSG 2221:0 @!@!@
  ||line 201, col 49 to line 201, col 54 of module ZilliqaProtocol: 435456
@!@!@ENDMSG 2221 @!@!@
@!@!@STARTMSG 2221:0 @!@!@
  line 202, col 43 to line 202, col 44 of module ZilliqaProtocol: 497664
@!@!@ENDMSG 2221 @!@!@
@!@!@STARTMSG 2221:0 @!@!@
  line 203, col 12 to line 203, col 77 of module ZilliqaProtocol: 2674944
@!@!@ENDMSG 2221 @!@!@
@!@!@STARTMSG 2221:0 @!@!@
  line 205, col 12 to line 205, col 28 of module ZilliqaProtocol: 92160
@!@!@ENDMSG 2221 @!@!@
@!@!@STARTMSG 2221:0 @!@!@
  line 206, col 12 to line 206, col 28 of module ZilliqaProtocol: 92160
@!@!@ENDMSG 2221 @!@!@
@!@!@STARTMSG 2221:0 @!@!@
  line 376, col 58 to line 376, col 62 of module ZilliqaProtocol: 497664
@!@!@ENDMSG 2221 @!@!@
@!@!@STARTMSG 2221:0 @!@!@
  line 376, col 65 to line 376, col 68 of module ZilliqaProtocol: 589824
@!@!@ENDMSG 2221 @!@!@
@!@!@STARTMSG 2221:0 @!@!@
  line 376, col 21 to line 376, col 29 of module ZilliqaProtocol: 4096
@!@!@ENDMSG 2221 @!@!@
@!@!@STARTMSG 2221:0 @!@!@
  line 376, col 41 to line 376, col 44 of module ZilliqaProtocol: 4096
@!@!@ENDMSG 2221 @!@!@
@!@!@STARTMSG 2774:0 @!@!@
<TypeOK line 67, col 1 to line 67, col 6 of module ZilliqaProtocol>
@!@!@ENDMSG 2774 @!@!@
@!@!@STARTMSG 2221:0 @!@!@
  line 68, col 5 to line 75, col 97 of module ZilliqaProtocol: 4096
@!@!@ENDMSG 2221 @!@!@
@!@!@STARTMSG 2221:0 @!@!@
  |line 68, col 8 to line 68, col 40 of module ZilliqaProtocol: 4096
@!@!@ENDMSG 2221 @!@!@
@!@!@STARTMSG 2221:0 @!@!@
  |line 69, col 8 to line 69, col 38 of module ZilliqaProtocol: 4096
@!@!@ENDMSG 2221 @!@!@
@!@!@STARTMSG 2221:0 @!@!@
  |line 70, col 8 to line 70, col 40 of module ZilliqaProtocol: 4096
@!@!@ENDMSG 2221 @!@!@
@!@!@STARTMSG 2221:0 @!@!@
  |line 71, col 8 to line 71, col 40 of module ZilliqaProtocol: 4096
@!@!@ENDMSG 2221 @!@!@
@!@!@STARTMSG 2221:0 @!@!@
  |line 72, col 8 to line 72, col 36 of module ZilliqaProtocol: 4096
@!@!@ENDMSG 2221 @!@!@
@!@!@STARTMSG 2221:0 @!@!@
  |line 73, col 8 to line 73, col 36 of module ZilliqaProtocol: 4096
@!@!@ENDMSG 2221 @!@!@
@!@!@STARTMSG 2221:0 @!@!@
  |line 74, col 8 to line 75, col 97 of module ZilliqaProtocol: 4096
@!@!@ENDMSG 2221 @!@!@
@!@!@STARTMSG 2221:0 @!@!@
  ||line 75, col 8 to line 75, col 97 of module ZilliqaProtocol: 12288
@!@!@ENDMSG 2221 @!@!@
@!@!@STARTMSG 2221:0 @!@!@
  ||line 74, col 18 to line 74, col 24 of module ZilliqaProtocol: 4096
@!@!@ENDMSG 2221 @!@!@
@!@!@STARTMSG 2774:0 @!@!@
<TransactionFinality line 401, col 1 to line 401, col 19 of module ZilliqaProtocol>
@!@!@ENDMSG 2774 @!@!@
@!@!@STARTMSG 2221:0 @!@!@
  line 402, col 5 to line 406, col 48 of module ZilliqaProtocol: 4096
@!@!@ENDMSG 2221 @!@!@
@!@!@STARTMSG 2221:0 @!@!@
  |line 403, col 9 to line 406, col 48 of module ZilliqaProtocol: 12288
@!@!@ENDMSG 2221 @!@!@
@!@!@STARTMSG 2221:0 @!@!@
  |line 402, col 15 to line 402, col 21 of module ZilliqaProtocol: 4096
@!@!@ENDMSG 2221 @!@!@
@!@!@STARTMSG 2202:0 @!@!@
End of statistics.
@!@!@ENDMSG 2202 @!@!@
@!@!@STARTMSG 2200:0 @!@!@
Progress(10) at 2021-05-20 14:44:23: 2,851,780 states generated (4,119,977 s/min), 4,096 distinct states found (5,917 ds/min), 0 states left on queue.
@!@!@ENDMSG 2200 @!@!@
@!@!@STARTMSG 2199:0 @!@!@
2851780 states generated, 4096 distinct states found, 0 states left on queue.
@!@!@ENDMSG 2199 @!@!@
@!@!@STARTMSG 2194:0 @!@!@
The depth of the complete state graph search is 10.
@!@!@ENDMSG 2194 @!@!@
@!@!@STARTMSG 2268:0 @!@!@
The average outdegree of the complete state graph is 1 (minimum is 0, the maximum 9 and the 95th percentile is 3).
@!@!@ENDMSG 2268 @!@!@
@!@!@STARTMSG 2186:0 @!@!@
Finished in 41534ms at (2021-05-20 14:44:23)
@!@!@ENDMSG 2186 @!@!@
